Arvel Crynyd ,peso do primeiro: 0.0
Adi Gallia peso0.0
Barriss Offee ,peso do primeiro: 50.0
Adi Gallia peso50.0
Beru Whitesun lars ,peso do primeiro: 75.0
Barriss Offee peso75.0
Boba Fett ,peso do primeiro: 78.2
Beru Whitesun lars peso78.2
Bossk ,peso do primeiro: 113.0
Boba Fett peso113.0
C-3PO ,peso do primeiro: 75.0
Bossk peso75.0
Cordé ,peso do primeiro: 0.0
Bossk peso0.0
Darth Maul ,peso do primeiro: 80.0
Bossk peso80.0
Darth Vader ,peso do primeiro: 136.0
Bossk peso136.0
Dormé ,peso do primeiro: 0.0
Darth Vader peso0.0
Dud Bolt ,peso do primeiro: 45.0
Darth Vader peso45.0
Eeth Koth ,peso do primeiro: 0.0
Darth Vader peso0.0
Finn ,peso do primeiro: 0.0
Darth Vader peso0.0
Gregar Typho ,peso do primeiro: 85.0
Darth Vader peso85.0
Han Solo ,peso do primeiro: 80.0
Darth Vader peso80.0
IG-88 ,peso do primeiro: 140.0
Darth Vader peso140.0
Lando Calrissian ,peso do primeiro: 79.0
IG-88 peso79.0
Leia Organa ,peso do primeiro: 49.0
IG-88 peso49.0
Lobot ,peso do primeiro: 79.0
IG-88 peso79.0
Mace Windu ,peso do primeiro: 84.0
IG-88 peso84.0
Obi-Wan Kenobi ,peso do primeiro: 77.0
IG-88 peso77.0
Padmé Amidala ,peso do primeiro: 45.0
IG-88 peso45.0
Palpatine ,peso do primeiro: 75.0
IG-88 peso75.0
Plo Koon ,peso do primeiro: 80.0
IG-88 peso80.0
Poe Dameron ,peso do primeiro: 0.0
IG-88 peso0.0
Poggle the Lesser ,peso do primeiro: 80.0
IG-88 peso80.0
Quarsh Panaka ,peso do primeiro: 0.0
IG-88 peso0.0
Qui-Gon Jinn ,peso do primeiro: 89.0
IG-88 peso89.0
R5-D4 ,peso do primeiro: 32.0
IG-88 peso32.0
Rey ,peso do primeiro: 0.0
IG-88 peso0.0
Sebulba ,peso do primeiro: 40.0
IG-88 peso40.0
Shaak Ti ,peso do primeiro: 57.0
IG-88 peso57.0
Sly Moore ,peso do primeiro: 48.0
IG-88 peso48.0
Tarfful ,peso do primeiro: 136.0
IG-88 peso136.0
Taun We ,peso do primeiro: 0.0
IG-88 peso0.0
Tion Medon ,peso do primeiro: 80.0
IG-88 peso80.0
Wat Tambor ,peso do primeiro: 48.0
IG-88 peso48.0
Watto ,peso do primeiro: 0.0
IG-88 peso0.0
Yarael Poof ,peso do primeiro: 0.0
IG-88 peso0.0
Yoda ,peso do primeiro: 17.0
IG-88 peso17.0
 ## Arvel Crynyd ## 0 ## 0 ## brown ## fair ## brown ## unknown ## male ## unknown ## 
 ## Adi Gallia ## 184 ## 50 ## none ## dark ## blue ## unknown ## female ## Coruscant ## 
 ## Barriss Offee ## 166 ## 50 ## black ## yellow ## blue ## 40BBY ## female ## Mirial ## 
 ## Beru Whitesun lars ## 165 ## 75 ## brown ## light ## blue ## 47BBY ## female ## Tatooine ## 
 ## Boba Fett ## 183 ## 78.2 ## black ## fair ## brown ## 31.5BBY ## male ## Kamino ## 
 ## C-3PO ## 167 ## 75 ## n/a ## gold ## yellow ## 112BBY ## n/a ## Tatooine ## 
 ## Cordé ## 157 ## 0 ## brown ## light ## brown ## unknown ## female ## Naboo ## 
 ## Darth Maul ## 175 ## 80 ## none ## red ## yellow ## 54BBY ## male ## Dathomir ## 
 ## Bossk ## 190 ## 113 ## none ## green ## red ## 53BBY ## male ## Trandosha ## 
 ## Dormé ## 165 ## 0 ## brown ## light ## brown ## unknown ## female ## Naboo ## 
 ## Dud Bolt ## 94 ## 45 ## none ## blue, grey ## yellow ## unknown ## male ## Vulpter ## 
 ## Eeth Koth ## 171 ## 0 ## black ## brown ## brown ## unknown ## male ## Iridonia ## 
 ## Finn ## 0 ## 0 ## black ## dark ## dark ## unknown ## male ## unknown ## 
 ## Gregar Typho ## 185 ## 85 ## black ## dark ## brown ## unknown ## male ## Naboo ## 
 ## Han Solo ## 180 ## 80 ## brown ## fair ## brown ## 29BBY ## male ## Corellia ## 
 ## Darth Vader ## 202 ## 136 ## none ## white ## yellow ## 41.9BBY ## male ## Tatooine ## 
 ## Lando Calrissian ## 177 ## 79 ## black ## dark ## brown ## 31BBY ## male ## Socorro ## 
 ## Leia Organa ## 150 ## 49 ## brown ## light ## brown ## 19BBY ## female ## Alderaan ## 
 ## Lobot ## 175 ## 79 ## none ## light ## blue ## 37BBY ## male ## Bespin ## 
 ## Mace Windu ## 188 ## 84 ## none ## dark ## brown ## 72BBY ## male ## Haruun Kal ## 
 ## Obi-Wan Kenobi ## 182 ## 77 ## auburn, white ## fair ## blue-gray ## 57BBY ## male ## Stewjon ## 
 ## Padmé Amidala ## 165 ## 45 ## brown ## light ## brown ## 46BBY ## female ## Naboo ## 
 ## Palpatine ## 170 ## 75 ## grey ## pale ## yellow ## 82BBY ## male ## Naboo ## 
 ## Plo Koon ## 188 ## 80 ## none ## orange ## black ## 22BBY ## male ## Dorin ## 
 ## Poe Dameron ## 0 ## 0 ## brown ## light ## brown ## unknown ## male ## unknown ## 
 ## Poggle the Lesser ## 183 ## 80 ## none ## green ## yellow ## unknown ## male ## Geonosis ## 
 ## Quarsh Panaka ## 183 ## 0 ## black ## dark ## brown ## 62BBY ## male ## Naboo ## 
 ## Qui-Gon Jinn ## 193 ## 89 ## brown ## fair ## blue ## 92BBY ## male ## unknown ## 
 ## R5-D4 ## 97 ## 32 ## n/a ## white, red ## red ## unknown ## n/a ## Tatooine ## 
 ## Rey ## 0 ## 0 ## brown ## light ## hazel ## unknown ## female ## unknown ## 
 ## Sebulba ## 112 ## 40 ## none ## grey, red ## orange ## unknown ## male ## Malastare ## 
 ## Shaak Ti ## 178 ## 57 ## none ## red, blue, white ## black ## unknown ## female ## Shili ## 
 ## Sly Moore ## 178 ## 48 ## none ## pale ## white ## unknown ## female ## Umbara ## 
 ## Tarfful ## 234 ## 136 ## brown ## brown ## blue ## unknown ## male ## Kashyyyk ## 
 ## Taun We ## 213 ## 0 ## none ## grey ## black ## unknown ## female ## Kamino ## 
 ## Tion Medon ## 206 ## 80 ## none ## grey ## black ## unknown ## male ## Utapau ## 
 ## Wat Tambor ## 193 ## 48 ## none ## green, grey ## unknown ## unknown ## male ## Skako ## 
 ## Watto ## 137 ## 0 ## black ## blue, grey ## yellow ## unknown ## male ## Toydaria ## 
 ## Yarael Poof ## 264 ## 0 ## none ## white ## yellow ## unknown ## male ## Quermia ## 
 ## Yoda ## 66 ## 17 ## white ## green ## brown ## 896BBY ## male ## unknown ## 
 ## IG-88 ## 200 ## 140 ## none ## metal ## red ## 15BBY ## none ## unknown ## 
