(R) BB8
(R) Cordé
(R) Poe Dameron
(R) Boba Fett
(R) Jocasta Nu
(R) Cliegg Lars
(R) Dexter Jettster
(R) Dud Bolt
(R) Bib Fortuna
(R) Adi Gallia
[0]  ## Wedge Antilles ## 170 ## 77 ## brown ## fair ## hazel ## 21BBY ## male ## Corellia ## 
[1]  ## Palpatine ## 170 ## 75 ## grey ## pale ## yellow ## 82BBY ## male ## Naboo ## 
[2]  ## Ric Olié ## 183 ## 0 ## brown ## fair ## blue ## unknown ## male ## Naboo ## 
[3]  ## Lobot ## 175 ## 79 ## none ## light ## blue ## 37BBY ## male ## Bespin ## 
[4]  ## Mas Amedda ## 196 ## 0 ## none ## blue ## blue ## unknown ## male ## Champala ## 
[5]  ## Tarfful ## 234 ## 136 ## brown ## brown ## blue ## unknown ## male ## Kashyyyk ## 
[6]  ## Rey ## 0 ## 0 ## brown ## light ## hazel ## unknown ## female ## unknown ## 
[7]  ## Sebulba ## 112 ## 40 ## none ## grey, red ## orange ## unknown ## male ## Malastare ## 
[8]  ## Tion Medon ## 206 ## 80 ## none ## grey ## black ## unknown ## male ## Utapau ## 
[9]  ## Grievous ## 216 ## 159 ## none ## brown, white ## green, yellow ## unknown ## male ## Kalee ## 
[10]  ## Kit Fisto ## 196 ## 87 ## none ## green ## black ## unknown ## male ## Glee Anselm ## 
[11]  ## Jar Jar Binks ## 196 ## 66 ## none ## orange ## orange ## 52BBY ## male ## Naboo ## 
[12]  ## Ackbar ## 180 ## 83 ## none ## brown mottle ## orange ## 41BBY ## male ## Mon Cala ## 
[13]  ## Arvel Crynyd ## 0 ## 0 ## brown ## fair ## brown ## unknown ## male ## unknown ## 
[14]  ## Ayla Secura ## 178 ## 55 ## none ## blue ## hazel ## 48BBY ## female ## Ryloth ## 
[15]  ## Barriss Offee ## 166 ## 50 ## black ## yellow ## blue ## 40BBY ## female ## Mirial ## 
[16]  ## Beru Whitesun lars ## 165 ## 75 ## brown ## light ## blue ## 47BBY ## female ## Tatooine ## 
[17]  ## C-3PO ## 167 ## 75 ## n/a ## gold ## yellow ## 112BBY ## n/a ## Tatooine ## 
[18]  ## Dooku ## 193 ## 80 ## white ## fair ## brown ## 102BBY ## male ## Serenno ## 
[19]  ## Dormé ## 165 ## 0 ## brown ## light ## brown ## unknown ## female ## Naboo ## 
[20]  ## Gasgano ## 122 ## 0 ## none ## white, blue ## black ## unknown ## male ## Troiken ## 
[21]  ## Han Solo ## 180 ## 80 ## brown ## fair ## brown ## 29BBY ## male ## Corellia ## 
[22]  ## Jango Fett ## 183 ## 79 ## black ## tan ## brown ## 66BBY ## male ## Concord Dawn ## 
[23]  ## Lama Su ## 229 ## 88 ## none ## grey ## black ## unknown ## male ## Kamino ## 
[24]  ## Lando Calrissian ## 177 ## 79 ## black ## dark ## brown ## 31BBY ## male ## Socorro ## 
[25]  ## Mace Windu ## 188 ## 84 ## none ## dark ## brown ## 72BBY ## male ## Haruun Kal ## 
[26]  ## Mon Mothma ## 150 ## 0 ## auburn ## fair ## blue ## 48BBY ## female ## Chandrila ## 
[27]  ## Owen Lars ## 178 ## 120 ## brown, grey ## light ## blue ## 52BBY ## male ## Tatooine ## 
[28]  ## Poggle the Lesser ## 183 ## 80 ## none ## green ## yellow ## unknown ## male ## Geonosis ## 
[29]  ## Quarsh Panaka ## 183 ## 0 ## black ## dark ## brown ## 62BBY ## male ## Naboo ## 
[30]  ## R2-D2 ## 96 ## 32 ## n/a ## white, blue ## red ## 33BBY ## n/a ## Naboo ## 
[31]  ## Raymus Antilles ## 188 ## 79 ## brown ## light ## brown ## unknown ## male ## Alderaan ## 
[32]  ## Roos Tarpals ## 224 ## 82 ## none ## grey ## orange ## unknown ## male ## Naboo ## 
[33]  ## Saesee Tiin ## 188 ## 0 ## none ## pale ## orange ## unknown ## male ## Iktotch ## 
[34]  ## San Hill ## 191 ## 0 ## none ## grey ## gold ## unknown ## male ## Muunilinst ## 
[35]  ## Sly Moore ## 178 ## 48 ## none ## pale ## white ## unknown ## female ## Umbara ## 
[36]  ## Taun We ## 213 ## 0 ## none ## grey ## black ## unknown ## female ## Kamino ## 
[37]  ## Watto ## 137 ## 0 ## black ## blue, grey ## yellow ## unknown ## male ## Toydaria ## 
[38]  ## Wicket Systri Warrick ## 88 ## 20 ## brown ## brown ## brown ## 8BBY ## male ## Endor ## 
[39]  ## Zam Wesell ## 168 ## 55 ## blonde ## fair, green, yellow ## yellow ## unknown ## female ## Zolan ## 
[40]  ## Finn ## 0 ## 0 ## black ## dark ## dark ## unknown ## male ## unknown ## 
[41]  ## Eeth Koth ## 171 ## 0 ## black ## brown ## brown ## unknown ## male ## Iridonia ## 
